2018-11-30 14:03:33.942 [ restartedMain ] - [ INFO  ] [ com.primeton.zhenglin.demo.ZhenglinDemoApplication : 50 ] - Starting ZhenglinDemoApplication on LAPTOP-V2G0PMMM with PID 568 (D:\JAVA\workspace\zhenglin-demo\target\classes started by Lion in D:\JAVA\workspace\zhenglin-demo)
2018-11-30 14:03:33.944 [ restartedMain ] - [ DEBUG ] [ com.primeton.zhenglin.demo.ZhenglinDemoApplication : 53 ] - Running with Spring Boot v2.0.6.RELEASE, Spring v5.0.10.RELEASE
2018-11-30 14:03:33.945 [ restartedMain ] - [ INFO  ] [ com.primeton.zhenglin.demo.ZhenglinDemoApplication : 654 ] - No active profile set, falling back to default profiles: default
2018-11-30 14:03:34.832 [ restartedMain ] - [ WARN  ] [ org.mybatis.spring.mapper.ClassPathMapperScanner : 166 ] - No MyBatis mapper was found in '[com.primeton.zhenglin.dao.*]' package. Please check your configuration.
2018-11-30 14:03:35.815 [ restartedMain ] - [ INFO  ] [ org.apache.coyote.http11.Http11NioProtocol : 180 ] - Initializing ProtocolHandler ["http-nio-12282"]
2018-11-30 14:03:35.826 [ restartedMain ] - [ INFO  ] [ org.apache.catalina.core.StandardService : 180 ] - Starting service [Tomcat]
2018-11-30 14:03:35.826 [ restartedMain ] - [ INFO  ] [ org.apache.catalina.core.StandardEngine : 180 ] - Starting Servlet Engine: Apache Tomcat/8.5.34
2018-11-30 14:03:35.835 [ localhost-startStop-1 ] - [ INFO  ] [ org.apache.catalina.core.AprLifecycleListener : 180 ] - The APR based Apache Tomcat Native library which allows optimal performance in production environments was not found on the java.library.path: [C:\Program Files\JAVA\jre1.8.0_51\bin;C:\Windows\Sun\Java\bin;C:\Windows\system32;C:\Windows;C:/Program Files/Java/jre1.8.0_51/bin/server;C:/Program Files/Java/jre1.8.0_51/bin;C:/Program Files/Java/jre1.8.0_51/lib/amd64;C:\ProgramData\Oracle\Java\javapath;C:\Program Files (x86)\Intel\Intel(R) Management Engine Components\iCLS\;C:\Program Files\Intel\Intel(R) Management Engine Components\iCLS\;C:\Windows\system32;C:\Windows;C:\Windows\System32\Wbem;C:\Windows\System32\WindowsPowerShell\v1.0\;C:\Windows\System32\OpenSSH\;C:\Program Files (x86)\Intel\Intel(R) Management Engine Components\DAL;C:\Program Files\Intel\Intel(R) Management Engine Components\DAL;C:\Program Files (x86)\Intel\Intel(R) Management Engine Components\IPT;C:\Program Files\Intel\Intel(R) Management Engine Components\IPT;C:\Program Files (x86)\NVIDIA Corporation\PhysX\Common;C:\Program Files\JAVA\jdk1.8.0_51\bin;D:\安装包\apache-tomcat-7.0.67\bin;%M;VEN_HOME%\bin;D:\Git Base App\Git\cmd;D:\Nodejs App\node_globla;D:\Nodejs App\;C:\Program Files\Intel\WiFi\bin\;C:\Program Files\Common Files\Intel\WirelessCommon\;C:\Users\Lion\AppData\Local\Microsoft\WindowsApps;C:\Users\Lion\AppData\Roaming\npm;D:\安装包\eclipse;;.]
2018-11-30 14:03:35.969 [ localhost-startStop-1 ] - [ INFO  ] [ o.a.c.core.ContainerBase.[Tomcat].[localhost].[/] : 180 ] - Initializing Spring embedded WebApplicationContext
2018-11-30 14:03:36.840 [ restartedMain ] - [ INFO  ] [ s.d.s.w.PropertySourcedRequestMappingHandlerMapping : 69 ] - Mapped URL path [/v2/api-docs] onto method [public org.springframework.http.ResponseEntity<springfox.documentation.spring.web.json.Json> springfox.documentation.swagger2.web.Swagger2Controller.getDocumentation(java.lang.String,javax.servlet.http.HttpServletRequest)]
2018-11-30 14:03:37.345 [ restartedMain ] - [ INFO  ] [ s.d.s.web.plugins.DocumentationPluginsBootstrapper : 151 ] - Context refreshed
2018-11-30 14:03:37.367 [ restartedMain ] - [ INFO  ] [ s.d.s.web.plugins.DocumentationPluginsBootstrapper : 154 ] - Found 1 custom documentation plugin(s)
2018-11-30 14:03:37.407 [ restartedMain ] - [ INFO  ] [ s.d.spring.web.scanners.ApiListingReferenceScanner : 41 ] - Scanning for api listing references
2018-11-30 14:03:37.579 [ restartedMain ] - [ INFO  ] [ s.d.s.w.r.operation.CachingOperationNameGenerator : 40 ] - Generating unique operation named: loginUsingPOST_1
2018-11-30 14:03:37.621 [ restartedMain ] - [ INFO  ] [ org.apache.coyote.http11.Http11NioProtocol : 180 ] - Starting ProtocolHandler ["http-nio-12282"]
2018-11-30 14:03:37.630 [ restartedMain ] - [ INFO  ] [ org.apache.tomcat.util.net.NioSelectorPool : 180 ] - Using a shared selector for servlet write/read
2018-11-30 14:03:37.646 [ restartedMain ] - [ INFO  ] [ com.primeton.zhenglin.demo.ZhenglinDemoApplication : 59 ] - Started ZhenglinDemoApplication in 4.125 seconds (JVM running for 4.69)
2018-11-30 14:03:41.380 [ http-nio-12282-exec-1 ] - [ INFO  ] [ o.a.c.core.ContainerBase.[Tomcat].[localhost].[/] : 180 ] - Initializing Spring FrameworkServlet 'dispatcherServlet'
2018-11-30 14:03:41.490 [ http-nio-12282-exec-1 ] - [ INFO  ] [ com.zaxxer.hikari.HikariDataSource : 110 ] - HikariPool-1 - Starting...
2018-11-30 14:03:41.686 [ http-nio-12282-exec-1 ] - [ INFO  ] [ com.zaxxer.hikari.HikariDataSource : 123 ] - HikariPool-1 - Start completed.
2018-11-30 14:03:41.716 [ http-nio-12282-exec-1 ] - [ DEBUG ] [ c.primeton.zhenglin.demo.dao.IOrgDao.getOrgByName : 159 ] - ==>  Preparing: SELECT ID,DEPTNAME FROM ZHENGLIN_DEPT WHERE DEPTNAME=? 
2018-11-30 14:03:41.735 [ http-nio-12282-exec-1 ] - [ DEBUG ] [ c.primeton.zhenglin.demo.dao.IOrgDao.getOrgByName : 159 ] - ==> Parameters: null
2018-11-30 14:03:41.747 [ http-nio-12282-exec-1 ] - [ DEBUG ] [ c.primeton.zhenglin.demo.dao.IOrgDao.getOrgByName : 159 ] - <==      Total: 0
2018-11-30 14:03:41.748 [ http-nio-12282-exec-1 ] - [ DEBUG ] [ com.primeton.zhenglin.demo.dao.IOrgDao.insert : 159 ] - ==>  Preparing: INSERT INTO ZHENGLIN_DEPT (ID,DEPTNAME,MGR) VALUES(?,?,?) 
2018-11-30 14:03:41.749 [ http-nio-12282-exec-1 ] - [ DEBUG ] [ com.primeton.zhenglin.demo.dao.IOrgDao.insert : 159 ] - ==> Parameters: null, null, null
2018-11-30 14:03:41.751 [ http-nio-12282-exec-1 ] - [ DEBUG ] [ com.primeton.zhenglin.demo.dao.IOrgDao.insert : 159 ] - <==    Updates: 1
2018-11-30 14:03:56.774 [ http-nio-12282-exec-2 ] - [ DEBUG ] [ com.primeton.zhenglin.demo.dao.IOrgDao.queryOrg : 159 ] - ==>  Preparing: SELECT ID,DEPTNAME,MGR FROM ZHENGLIN_DEPT 
2018-11-30 14:03:56.775 [ http-nio-12282-exec-2 ] - [ DEBUG ] [ com.primeton.zhenglin.demo.dao.IOrgDao.queryOrg : 159 ] - ==> Parameters: 
2018-11-30 14:03:56.778 [ http-nio-12282-exec-2 ] - [ DEBUG ] [ com.primeton.zhenglin.demo.dao.IOrgDao.queryOrg : 159 ] - <==      Total: 8
2018-11-30 14:54:50.690 [ http-nio-12282-exec-4 ] - [ DEBUG ] [ com.primeton.zhenglin.demo.dao.IOrgDao.queryOrg : 159 ] - ==>  Preparing: SELECT ID,DEPTNAME,MGR FROM ZHENGLIN_DEPT 
2018-11-30 14:54:50.691 [ http-nio-12282-exec-4 ] - [ DEBUG ] [ com.primeton.zhenglin.demo.dao.IOrgDao.queryOrg : 159 ] - ==> Parameters: 
2018-11-30 14:54:50.695 [ http-nio-12282-exec-4 ] - [ DEBUG ] [ com.primeton.zhenglin.demo.dao.IOrgDao.queryOrg : 159 ] - <==      Total: 8
2018-11-30 14:54:57.244 [ http-nio-12282-exec-5 ] - [ DEBUG ] [ c.primeton.zhenglin.demo.dao.IOrgDao.getOrgByName : 159 ] - ==>  Preparing: SELECT ID,DEPTNAME FROM ZHENGLIN_DEPT WHERE DEPTNAME=? 
2018-11-30 14:54:57.245 [ http-nio-12282-exec-5 ] - [ DEBUG ] [ c.primeton.zhenglin.demo.dao.IOrgDao.getOrgByName : 159 ] - ==> Parameters: null
2018-11-30 14:54:57.246 [ http-nio-12282-exec-5 ] - [ DEBUG ] [ c.primeton.zhenglin.demo.dao.IOrgDao.getOrgByName : 159 ] - <==      Total: 0
2018-11-30 14:54:57.246 [ http-nio-12282-exec-5 ] - [ DEBUG ] [ com.primeton.zhenglin.demo.dao.IOrgDao.insert : 159 ] - ==>  Preparing: INSERT INTO ZHENGLIN_DEPT (ID,DEPTNAME,MGR) VALUES(?,?,?) 
2018-11-30 14:54:57.246 [ http-nio-12282-exec-5 ] - [ DEBUG ] [ com.primeton.zhenglin.demo.dao.IOrgDao.insert : 159 ] - ==> Parameters: null, null, null
2018-11-30 14:54:57.247 [ http-nio-12282-exec-5 ] - [ DEBUG ] [ com.primeton.zhenglin.demo.dao.IOrgDao.insert : 159 ] - <==    Updates: 1
2018-11-30 15:02:07.952 [ Thread-6 ] - [ INFO  ] [ com.zaxxer.hikari.HikariDataSource : 381 ] - HikariPool-1 - Shutdown initiated...
2018-11-30 15:02:07.959 [ Thread-6 ] - [ INFO  ] [ com.zaxxer.hikari.HikariDataSource : 383 ] - HikariPool-1 - Shutdown completed.
